ARM GAS  C:\Users\VIDEOH~1\AppData\Local\Temp\cclR7sqz.s 			page 1


   1              		.syntax unified
   2              		.cpu cortex-m3
   3              		.fpu softvfp
   4              		.eabi_attribute 20, 1
   5              		.eabi_attribute 21, 1
   6              		.eabi_attribute 23, 3
   7              		.eabi_attribute 24, 1
   8              		.eabi_attribute 25, 1
   9              		.eabi_attribute 26, 1
  10              		.eabi_attribute 30, 1
  11              		.eabi_attribute 34, 1
  12              		.eabi_attribute 18, 4
  13              		.thumb
  14              		.syntax unified
  15              		.file	"cymetadata.c"
  16              		.text
  17              	.Ltext0:
  18              		.cfi_sections	.debug_frame
  19              		.global	cy_metadata
  20              		.global	cy_meta_flashprotect
  21              		.global	cy_meta_wonvl
  22              		.global	cy_meta_custnvl
  23              		.global	cy_meta_configecc
  24              		.section	.cyconfigecc,"a",%progbits
  25              		.align	2
  26              		.type	cy_meta_configecc, %object
  27              		.size	cy_meta_configecc, 384
  28              	cy_meta_configecc:
  29 0000 01       		.byte	1
  30 0001 4F       		.byte	79
  31 0002 00       		.byte	0
  32 0003 40       		.byte	64
  33 0004 01       		.byte	1
  34 0005 52       		.byte	82
  35 0006 00       		.byte	0
  36 0007 40       		.byte	64
  37 0008 02       		.byte	2
  38 0009 65       		.byte	101
  39 000a 00       		.byte	0
  40 000b 40       		.byte	64
  41 000c 04       		.byte	4
  42 000d 02       		.byte	2
  43 000e 01       		.byte	1
  44 000f 40       		.byte	64
  45 0010 01       		.byte	1
  46 0011 03       		.byte	3
  47 0012 01       		.byte	1
  48 0013 40       		.byte	64
  49 0014 01       		.byte	1
  50 0015 05       		.byte	5
  51 0016 01       		.byte	1
  52 0017 40       		.byte	64
  53 0018 01       		.byte	1
  54 0019 17       		.byte	23
  55 001a 01       		.byte	1
  56 001b 40       		.byte	64
  57 001c 48       		.byte	72
ARM GAS  C:\Users\VIDEOH~1\AppData\Local\Temp\cclR7sqz.s 			page 2


  58 001d 18       		.byte	24
  59 001e 01       		.byte	1
  60 001f 40       		.byte	64
  61 0020 2C       		.byte	44
  62 0021 19       		.byte	25
  63 0022 01       		.byte	1
  64 0023 40       		.byte	64
  65 0024 02       		.byte	2
  66 0025 1B       		.byte	27
  67 0026 01       		.byte	1
  68 0027 40       		.byte	64
  69 0028 02       		.byte	2
  70 0029 40       		.byte	64
  71 002a 01       		.byte	1
  72 002b 40       		.byte	64
  73 002c 01       		.byte	1
  74 002d 41       		.byte	65
  75 002e 01       		.byte	1
  76 002f 40       		.byte	64
  77 0030 06       		.byte	6
  78 0031 42       		.byte	66
  79 0032 01       		.byte	1
  80 0033 40       		.byte	64
  81 0034 01       		.byte	1
  82 0035 43       		.byte	67
  83 0036 01       		.byte	1
  84 0037 40       		.byte	64
  85 0038 03       		.byte	3
  86 0039 48       		.byte	72
  87 003a 01       		.byte	1
  88 003b 40       		.byte	64
  89 003c 02       		.byte	2
  90 003d 4C       		.byte	76
  91 003e 01       		.byte	1
  92 003f 40       		.byte	64
  93 0040 01       		.byte	1
  94 0041 4D       		.byte	77
  95 0042 01       		.byte	1
  96 0043 40       		.byte	64
  97 0044 04       		.byte	4
  98 0045 50       		.byte	80
  99 0046 01       		.byte	1
 100 0047 40       		.byte	64
 101 0048 01       		.byte	1
 102 0049 51       		.byte	81
 103 004a 01       		.byte	1
 104 004b 40       		.byte	64
 105 004c 0A       		.byte	10
 106 004d 4B       		.byte	75
 107 004e 09       		.byte	9
 108 004f 80       		.byte	-128
 109 0050 29       		.byte	41
 110 0051 80       		.byte	-128
 111 0052 39       		.byte	57
 112 0053 08       		.byte	8
 113 0054 B8       		.byte	-72
 114 0055 80       		.byte	-128
ARM GAS  C:\Users\VIDEOH~1\AppData\Local\Temp\cclR7sqz.s 			page 3


 115 0056 BE       		.byte	-66
 116 0057 40       		.byte	64
 117 0058 D8       		.byte	-40
 118 0059 04       		.byte	4
 119 005a DF       		.byte	-33
 120 005b 01       		.byte	1
 121 005c 1A       		.byte	26
 122 005d 02       		.byte	2
 123 005e AE       		.byte	-82
 124 005f 01       		.byte	1
 125 0060 E6       		.byte	-26
 126 0061 04       		.byte	4
 127 0062 00       		.byte	0
 128 0063 09       		.byte	9
 129 0064 02       		.byte	2
 130 0065 06       		.byte	6
 131 0066 0E       		.byte	14
 132 0067 01       		.byte	1
 133 0068 13       		.byte	19
 134 0069 01       		.byte	1
 135 006a 14       		.byte	20
 136 006b 08       		.byte	8
 137 006c 16       		.byte	22
 138 006d 02       		.byte	2
 139 006e 18       		.byte	24
 140 006f 04       		.byte	4
 141 0070 1B       		.byte	27
 142 0071 01       		.byte	1
 143 0072 1C       		.byte	28
 144 0073 06       		.byte	6
 145 0074 1E       		.byte	30
 146 0075 01       		.byte	1
 147 0076 1F       		.byte	31
 148 0077 02       		.byte	2
 149 0078 26       		.byte	38
 150 0079 01       		.byte	1
 151 007a 2B       		.byte	43
 152 007b 03       		.byte	3
 153 007c 31       		.byte	49
 154 007d 03       		.byte	3
 155 007e 32       		.byte	50
 156 007f 0F       		.byte	15
 157 0080 38       		.byte	56
 158 0081 08       		.byte	8
 159 0082 3B       		.byte	59
 160 0083 02       		.byte	2
 161 0084 58       		.byte	88
 162 0085 04       		.byte	4
 163 0086 59       		.byte	89
 164 0087 04       		.byte	4
 165 0088 5F       		.byte	95
 166 0089 01       		.byte	1
 167 008a 80       		.byte	-128
 168 008b 57       		.byte	87
 169 008c 82       		.byte	-126
 170 008d A8       		.byte	-88
 171 008e 83       		.byte	-125
ARM GAS  C:\Users\VIDEOH~1\AppData\Local\Temp\cclR7sqz.s 			page 4


 172 008f 01       		.byte	1
 173 0090 8B       		.byte	-117
 174 0091 10       		.byte	16
 175 0092 8C       		.byte	-116
 176 0093 01       		.byte	1
 177 0094 8E       		.byte	-114
 178 0095 02       		.byte	2
 179 0096 90       		.byte	-112
 180 0097 0E       		.byte	14
 181 0098 92       		.byte	-110
 182 0099 31       		.byte	49
 183 009a 94       		.byte	-108
 184 009b A7       		.byte	-89
 185 009c 95       		.byte	-107
 186 009d 07       		.byte	7
 187 009e 96       		.byte	-106
 188 009f 58       		.byte	88
 189 00a0 97       		.byte	-105
 190 00a1 18       		.byte	24
 191 00a2 98       		.byte	-104
 192 00a3 80       		.byte	-128
 193 00a4 99       		.byte	-103
 194 00a5 02       		.byte	2
 195 00a6 9A       		.byte	-102
 196 00a7 60       		.byte	96
 197 00a8 9D       		.byte	-99
 198 00a9 03       		.byte	3
 199 00aa 9F       		.byte	-97
 200 00ab 1C       		.byte	28
 201 00ac A0       		.byte	-96
 202 00ad AB       		.byte	-85
 203 00ae A2       		.byte	-94
 204 00af 54       		.byte	84
 205 00b0 A6       		.byte	-90
 206 00b1 04       		.byte	4
 207 00b2 A8       		.byte	-88
 208 00b3 10       		.byte	16
 209 00b4 A9       		.byte	-87
 210 00b5 04       		.byte	4
 211 00b6 AD       		.byte	-83
 212 00b7 05       		.byte	5
 213 00b8 AF       		.byte	-81
 214 00b9 0A       		.byte	10
 215 00ba B0       		.byte	-80
 216 00bb 3F       		.byte	63
 217 00bc B4       		.byte	-76
 218 00bd C0       		.byte	-64
 219 00be B7       		.byte	-73
 220 00bf 1F       		.byte	31
 221 00c0 BA       		.byte	-70
 222 00c1 22       		.byte	34
 223 00c2 BB       		.byte	-69
 224 00c3 C0       		.byte	-64
 225 00c4 C0       		.byte	-64
 226 00c5 31       		.byte	49
 227 00c6 C1       		.byte	-63
 228 00c7 05       		.byte	5
ARM GAS  C:\Users\VIDEOH~1\AppData\Local\Temp\cclR7sqz.s 			page 5


 229 00c8 C5       		.byte	-59
 230 00c9 07       		.byte	7
 231 00ca C6       		.byte	-58
 232 00cb 60       		.byte	96
 233 00cc C7       		.byte	-57
 234 00cd C0       		.byte	-64
 235 00ce C8       		.byte	-56
 236 00cf 39       		.byte	57
 237 00d0 C9       		.byte	-55
 238 00d1 FF       		.byte	-1
 239 00d2 CA       		.byte	-54
 240 00d3 80       		.byte	-128
 241 00d4 CB       		.byte	-53
 242 00d5 FF       		.byte	-1
 243 00d6 CC       		.byte	-52
 244 00d7 40       		.byte	64
 245 00d8 D8       		.byte	-40
 246 00d9 04       		.byte	4
 247 00da D9       		.byte	-39
 248 00db 04       		.byte	4
 249 00dc DA       		.byte	-38
 250 00dd 04       		.byte	4
 251 00de DF       		.byte	-33
 252 00df 01       		.byte	1
 253 00e0 E0       		.byte	-32
 254 00e1 10       		.byte	16
 255 00e2 E1       		.byte	-31
 256 00e3 BC       		.byte	-68
 257 00e4 E2       		.byte	-30
 258 00e5 10       		.byte	16
 259 00e6 E3       		.byte	-29
 260 00e7 30       		.byte	48
 261 00e8 E4       		.byte	-28
 262 00e9 E0       		.byte	-32
 263 00ea EA       		.byte	-22
 264 00eb 10       		.byte	16
 265 00ec EB       		.byte	-21
 266 00ed 50       		.byte	80
 267 00ee EC       		.byte	-20
 268 00ef 40       		.byte	64
 269 00f0 ED       		.byte	-19
 270 00f1 01       		.byte	1
 271 00f2 02       		.byte	2
 272 00f3 01       		.byte	1
 273 00f4 03       		.byte	3
 274 00f5 40       		.byte	64
 275 00f6 04       		.byte	4
 276 00f7 01       		.byte	1
 277 00f8 06       		.byte	6
 278 00f9 01       		.byte	1
 279 00fa 09       		.byte	9
 280 00fb 08       		.byte	8
 281 00fc 0A       		.byte	10
 282 00fd 44       		.byte	68
 283 00fe 0C       		.byte	12
 284 00ff 20       		.byte	32
 285 0100 0D       		.byte	13
ARM GAS  C:\Users\VIDEOH~1\AppData\Local\Temp\cclR7sqz.s 			page 6


 286 0101 08       		.byte	8
 287 0102 0E       		.byte	14
 288 0103 02       		.byte	2
 289 0104 10       		.byte	16
 290 0105 28       		.byte	40
 291 0106 12       		.byte	18
 292 0107 C0       		.byte	-64
 293 0108 16       		.byte	22
 294 0109 10       		.byte	16
 295 010a 19       		.byte	25
 296 010b 10       		.byte	16
 297 010c 1A       		.byte	26
 298 010d 44       		.byte	68
 299 010e 1D       		.byte	29
 300 010f 08       		.byte	8
 301 0110 1F       		.byte	31
 302 0111 04       		.byte	4
 303 0112 20       		.byte	32
 304 0113 01       		.byte	1
 305 0114 22       		.byte	34
 306 0115 80       		.byte	-128
 307 0116 26       		.byte	38
 308 0117 01       		.byte	1
 309 0118 27       		.byte	39
 310 0119 40       		.byte	64
 311 011a 29       		.byte	41
 312 011b 10       		.byte	16
 313 011c 2A       		.byte	42
 314 011d 40       		.byte	64
 315 011e 2F       		.byte	47
 316 011f 04       		.byte	4
 317 0120 30       		.byte	48
 318 0121 20       		.byte	32
 319 0122 31       		.byte	49
 320 0123 08       		.byte	8
 321 0124 33       		.byte	51
 322 0125 40       		.byte	64
 323 0126 36       		.byte	54
 324 0127 A1       		.byte	-95
 325 0128 38       		.byte	56
 326 0129 02       		.byte	2
 327 012a 3A       		.byte	58
 328 012b 10       		.byte	16
 329 012c 40       		.byte	64
 330 012d 01       		.byte	1
 331 012e 41       		.byte	65
 332 012f 08       		.byte	8
 333 0130 48       		.byte	72
 334 0131 20       		.byte	32
 335 0132 4A       		.byte	74
 336 0133 01       		.byte	1
 337 0134 50       		.byte	80
 338 0135 09       		.byte	9
 339 0136 52       		.byte	82
 340 0137 31       		.byte	49
 341 0138 80       		.byte	-128
 342 0139 01       		.byte	1
ARM GAS  C:\Users\VIDEOH~1\AppData\Local\Temp\cclR7sqz.s 			page 7


 343 013a C0       		.byte	-64
 344 013b 99       		.byte	-103
 345 013c C2       		.byte	-62
 346 013d EE       		.byte	-18
 347 013e C4       		.byte	-60
 348 013f 2E       		.byte	46
 349 0140 CA       		.byte	-54
 350 0141 2C       		.byte	44
 351 0142 CC       		.byte	-52
 352 0143 BE       		.byte	-66
 353 0144 CE       		.byte	-50
 354 0145 05       		.byte	5
 355 0146 D0       		.byte	-48
 356 0147 0A       		.byte	10
 357 0148 D2       		.byte	-46
 358 0149 08       		.byte	8
 359 014a AA       		.byte	-86
 360 014b 40       		.byte	64
 361 014c E8       		.byte	-24
 362 014d 04       		.byte	4
 363 014e 33       		.byte	51
 364 014f 80       		.byte	-128
 365 0150 CC       		.byte	-52
 366 0151 10       		.byte	16
 367 0152 A7       		.byte	-89
 368 0153 80       		.byte	-128
 369 0154 5B       		.byte	91
 370 0155 02       		.byte	2
 371 0156 9B       		.byte	-101
 372 0157 02       		.byte	2
 373 0158 A7       		.byte	-89
 374 0159 80       		.byte	-128
 375 015a AF       		.byte	-81
 376 015b 02       		.byte	2
 377 015c D6       		.byte	-42
 378 015d 40       		.byte	64
 379 015e EE       		.byte	-18
 380 015f 40       		.byte	64
 381 0160 A7       		.byte	-89
 382 0161 80       		.byte	-128
 383 0162 83       		.byte	-125
 384 0163 80       		.byte	-128
 385 0164 A7       		.byte	-89
 386 0165 80       		.byte	-128
 387 0166 E6       		.byte	-26
 388 0167 20       		.byte	32
 389 0168 62       		.byte	98
 390 0169 01       		.byte	1
 391 016a D8       		.byte	-40
 392 016b 02       		.byte	2
 393 016c AA       		.byte	-86
 394 016d 01       		.byte	1
 395 016e 02       		.byte	2
 396 016f 14       		.byte	20
 397 0170 10       		.byte	16
 398 0171 01       		.byte	1
 399 0172 12       		.byte	18
ARM GAS  C:\Users\VIDEOH~1\AppData\Local\Temp\cclR7sqz.s 			page 8


 400 0173 14       		.byte	20
 401 0174 1C       		.byte	28
 402 0175 01       		.byte	1
 403 0176 00       		.byte	0
 404 0177 03       		.byte	3
 405 0178 00       		.byte	0
 406 0179 8B       		.byte	-117
 407 017a 8B       		.byte	-117
 408 017b 00       		.byte	0
 409 017c 80       		.byte	-128
 410 017d 00       		.byte	0
 411 017e 00       		.byte	0
 412 017f 00       		.byte	0
 413              		.section	.cywolatch,"a",%progbits
 414              		.align	2
 415              		.type	cy_meta_wonvl, %object
 416              		.size	cy_meta_wonvl, 4
 417              	cy_meta_wonvl:
 418 0000 BC       		.byte	-68
 419 0001 90       		.byte	-112
 420 0002 AC       		.byte	-84
 421 0003 AF       		.byte	-81
 422              		.section	.cycustnvl,"a",%progbits
 423              		.align	2
 424              		.type	cy_meta_custnvl, %object
 425              		.size	cy_meta_custnvl, 4
 426              	cy_meta_custnvl:
 427 0000 00       		.byte	0
 428 0001 00       		.byte	0
 429 0002 40       		.byte	64
 430 0003 05       		.byte	5
 431              		.section	.cymeta,"a",%progbits
 432              		.align	2
 433              		.type	cy_metadata, %object
 434              		.size	cy_metadata, 12
 435              	cy_metadata:
 436 0000 00       		.byte	0
 437 0001 01       		.byte	1
 438 0002 2E       		.byte	46
 439 0003 16       		.byte	22
 440 0004 10       		.byte	16
 441 0005 69       		.byte	105
 442 0006 00       		.byte	0
 443 0007 01       		.byte	1
 444 0008 00       		.byte	0
 445 0009 00       		.byte	0
 446 000a 00       		.byte	0
 447 000b 00       		.byte	0
 448              		.section	.cyflashprotect,"a",%progbits
 449              		.align	2
 450              		.type	cy_meta_flashprotect, %object
 451              		.size	cy_meta_flashprotect, 256
 452              	cy_meta_flashprotect:
 453 0000 00000000 		.space	256
 453      00000000 
 453      00000000 
 453      00000000 
ARM GAS  C:\Users\VIDEOH~1\AppData\Local\Temp\cclR7sqz.s 			page 9


 453      00000000 
 454              		.text
 455              	.Letext0:
 456              		.file 1 "c:\\program files (x86)\\cypress\\psoc creator\\4.4\\psoc creator\\import\\gnu\\arm\\5.4.
 457              		.file 2 "c:\\program files (x86)\\cypress\\psoc creator\\4.4\\psoc creator\\import\\gnu\\arm\\5.4.
 458              		.file 3 "Generated_Source\\PSoC5\\cymetadata.c"
 459              		.section	.debug_info,"",%progbits
 460              	.Ldebug_info0:
 461 0000 31010000 		.4byte	0x131
 462 0004 0400     		.2byte	0x4
 463 0006 00000000 		.4byte	.Ldebug_abbrev0
 464 000a 04       		.byte	0x4
 465 000b 01       		.uleb128 0x1
 466 000c 24000000 		.4byte	.LASF17
 467 0010 0C       		.byte	0xc
 468 0011 AF010000 		.4byte	.LASF18
 469 0015 25010000 		.4byte	.LASF19
 470 0019 00000000 		.4byte	.Ldebug_line0
 471 001d 02       		.uleb128 0x2
 472 001e 01       		.byte	0x1
 473 001f 06       		.byte	0x6
 474 0020 A3010000 		.4byte	.LASF0
 475 0024 03       		.uleb128 0x3
 476 0025 00000000 		.4byte	.LASF9
 477 0029 01       		.byte	0x1
 478 002a 1D       		.byte	0x1d
 479 002b 2F000000 		.4byte	0x2f
 480 002f 02       		.uleb128 0x2
 481 0030 01       		.byte	0x1
 482 0031 08       		.byte	0x8
 483 0032 16000000 		.4byte	.LASF1
 484 0036 02       		.uleb128 0x2
 485 0037 02       		.byte	0x2
 486 0038 05       		.byte	0x5
 487 0039 90010000 		.4byte	.LASF2
 488 003d 02       		.uleb128 0x2
 489 003e 02       		.byte	0x2
 490 003f 07       		.byte	0x7
 491 0040 C4000000 		.4byte	.LASF3
 492 0044 02       		.uleb128 0x2
 493 0045 04       		.byte	0x4
 494 0046 05       		.byte	0x5
 495 0047 9A010000 		.4byte	.LASF4
 496 004b 02       		.uleb128 0x2
 497 004c 04       		.byte	0x4
 498 004d 07       		.byte	0x7
 499 004e B2000000 		.4byte	.LASF5
 500 0052 02       		.uleb128 0x2
 501 0053 08       		.byte	0x8
 502 0054 05       		.byte	0x5
 503 0055 82010000 		.4byte	.LASF6
 504 0059 02       		.uleb128 0x2
 505 005a 08       		.byte	0x8
 506 005b 07       		.byte	0x7
 507 005c 06010000 		.4byte	.LASF7
 508 0060 04       		.uleb128 0x4
 509 0061 04       		.byte	0x4
ARM GAS  C:\Users\VIDEOH~1\AppData\Local\Temp\cclR7sqz.s 			page 10


 510 0062 05       		.byte	0x5
 511 0063 696E7400 		.ascii	"int\000"
 512 0067 02       		.uleb128 0x2
 513 0068 04       		.byte	0x4
 514 0069 07       		.byte	0x7
 515 006a F9000000 		.4byte	.LASF8
 516 006e 03       		.uleb128 0x3
 517 006f 1D010000 		.4byte	.LASF10
 518 0073 02       		.byte	0x2
 519 0074 18       		.byte	0x18
 520 0075 24000000 		.4byte	0x24
 521 0079 05       		.uleb128 0x5
 522 007a 91000000 		.4byte	0x91
 523 007e 8A000000 		.4byte	0x8a
 524 0082 06       		.uleb128 0x6
 525 0083 8A000000 		.4byte	0x8a
 526 0087 7F01     		.2byte	0x17f
 527 0089 00       		.byte	0
 528 008a 02       		.uleb128 0x2
 529 008b 04       		.byte	0x4
 530 008c 07       		.byte	0x7
 531 008d 79010000 		.4byte	.LASF11
 532 0091 07       		.uleb128 0x7
 533 0092 6E000000 		.4byte	0x6e
 534 0096 08       		.uleb128 0x8
 535 0097 E7000000 		.4byte	.LASF12
 536 009b 03       		.byte	0x3
 537 009c 1F       		.byte	0x1f
 538 009d A7000000 		.4byte	0xa7
 539 00a1 05       		.uleb128 0x5
 540 00a2 03       		.byte	0x3
 541 00a3 00000000 		.4byte	cy_meta_configecc
 542 00a7 07       		.uleb128 0x7
 543 00a8 79000000 		.4byte	0x79
 544 00ac 05       		.uleb128 0x5
 545 00ad 91000000 		.4byte	0x91
 546 00b1 BC000000 		.4byte	0xbc
 547 00b5 09       		.uleb128 0x9
 548 00b6 8A000000 		.4byte	0x8a
 549 00ba 03       		.byte	0x3
 550 00bb 00       		.byte	0
 551 00bc 08       		.uleb128 0x8
 552 00bd D7000000 		.4byte	.LASF13
 553 00c1 03       		.byte	0x3
 554 00c2 5C       		.byte	0x5c
 555 00c3 CD000000 		.4byte	0xcd
 556 00c7 05       		.uleb128 0x5
 557 00c8 03       		.byte	0x3
 558 00c9 00000000 		.4byte	cy_meta_custnvl
 559 00cd 07       		.uleb128 0x7
 560 00ce AC000000 		.4byte	0xac
 561 00d2 08       		.uleb128 0x8
 562 00d3 6B010000 		.4byte	.LASF14
 563 00d7 03       		.byte	0x3
 564 00d8 6A       		.byte	0x6a
 565 00d9 E3000000 		.4byte	0xe3
 566 00dd 05       		.uleb128 0x5
ARM GAS  C:\Users\VIDEOH~1\AppData\Local\Temp\cclR7sqz.s 			page 11


 567 00de 03       		.byte	0x3
 568 00df 00000000 		.4byte	cy_meta_wonvl
 569 00e3 07       		.uleb128 0x7
 570 00e4 AC000000 		.4byte	0xac
 571 00e8 05       		.uleb128 0x5
 572 00e9 91000000 		.4byte	0x91
 573 00ed F8000000 		.4byte	0xf8
 574 00f1 09       		.uleb128 0x9
 575 00f2 8A000000 		.4byte	0x8a
 576 00f6 FF       		.byte	0xff
 577 00f7 00       		.byte	0
 578 00f8 08       		.uleb128 0x8
 579 00f9 56010000 		.4byte	.LASF15
 580 00fd 03       		.byte	0x3
 581 00fe 78       		.byte	0x78
 582 00ff 09010000 		.4byte	0x109
 583 0103 05       		.uleb128 0x5
 584 0104 03       		.byte	0x3
 585 0105 00000000 		.4byte	cy_meta_flashprotect
 586 0109 07       		.uleb128 0x7
 587 010a E8000000 		.4byte	0xe8
 588 010e 05       		.uleb128 0x5
 589 010f 91000000 		.4byte	0x91
 590 0113 1E010000 		.4byte	0x11e
 591 0117 09       		.uleb128 0x9
 592 0118 8A000000 		.4byte	0x8a
 593 011c 0B       		.byte	0xb
 594 011d 00       		.byte	0
 595 011e 08       		.uleb128 0x8
 596 011f 0A000000 		.4byte	.LASF16
 597 0123 03       		.byte	0x3
 598 0124 A5       		.byte	0xa5
 599 0125 2F010000 		.4byte	0x12f
 600 0129 05       		.uleb128 0x5
 601 012a 03       		.byte	0x3
 602 012b 00000000 		.4byte	cy_metadata
 603 012f 07       		.uleb128 0x7
 604 0130 0E010000 		.4byte	0x10e
 605 0134 00       		.byte	0
 606              		.section	.debug_abbrev,"",%progbits
 607              	.Ldebug_abbrev0:
 608 0000 01       		.uleb128 0x1
 609 0001 11       		.uleb128 0x11
 610 0002 01       		.byte	0x1
 611 0003 25       		.uleb128 0x25
 612 0004 0E       		.uleb128 0xe
 613 0005 13       		.uleb128 0x13
 614 0006 0B       		.uleb128 0xb
 615 0007 03       		.uleb128 0x3
 616 0008 0E       		.uleb128 0xe
 617 0009 1B       		.uleb128 0x1b
 618 000a 0E       		.uleb128 0xe
 619 000b 10       		.uleb128 0x10
 620 000c 17       		.uleb128 0x17
 621 000d 00       		.byte	0
 622 000e 00       		.byte	0
 623 000f 02       		.uleb128 0x2
ARM GAS  C:\Users\VIDEOH~1\AppData\Local\Temp\cclR7sqz.s 			page 12


 624 0010 24       		.uleb128 0x24
 625 0011 00       		.byte	0
 626 0012 0B       		.uleb128 0xb
 627 0013 0B       		.uleb128 0xb
 628 0014 3E       		.uleb128 0x3e
 629 0015 0B       		.uleb128 0xb
 630 0016 03       		.uleb128 0x3
 631 0017 0E       		.uleb128 0xe
 632 0018 00       		.byte	0
 633 0019 00       		.byte	0
 634 001a 03       		.uleb128 0x3
 635 001b 16       		.uleb128 0x16
 636 001c 00       		.byte	0
 637 001d 03       		.uleb128 0x3
 638 001e 0E       		.uleb128 0xe
 639 001f 3A       		.uleb128 0x3a
 640 0020 0B       		.uleb128 0xb
 641 0021 3B       		.uleb128 0x3b
 642 0022 0B       		.uleb128 0xb
 643 0023 49       		.uleb128 0x49
 644 0024 13       		.uleb128 0x13
 645 0025 00       		.byte	0
 646 0026 00       		.byte	0
 647 0027 04       		.uleb128 0x4
 648 0028 24       		.uleb128 0x24
 649 0029 00       		.byte	0
 650 002a 0B       		.uleb128 0xb
 651 002b 0B       		.uleb128 0xb
 652 002c 3E       		.uleb128 0x3e
 653 002d 0B       		.uleb128 0xb
 654 002e 03       		.uleb128 0x3
 655 002f 08       		.uleb128 0x8
 656 0030 00       		.byte	0
 657 0031 00       		.byte	0
 658 0032 05       		.uleb128 0x5
 659 0033 01       		.uleb128 0x1
 660 0034 01       		.byte	0x1
 661 0035 49       		.uleb128 0x49
 662 0036 13       		.uleb128 0x13
 663 0037 01       		.uleb128 0x1
 664 0038 13       		.uleb128 0x13
 665 0039 00       		.byte	0
 666 003a 00       		.byte	0
 667 003b 06       		.uleb128 0x6
 668 003c 21       		.uleb128 0x21
 669 003d 00       		.byte	0
 670 003e 49       		.uleb128 0x49
 671 003f 13       		.uleb128 0x13
 672 0040 2F       		.uleb128 0x2f
 673 0041 05       		.uleb128 0x5
 674 0042 00       		.byte	0
 675 0043 00       		.byte	0
 676 0044 07       		.uleb128 0x7
 677 0045 26       		.uleb128 0x26
 678 0046 00       		.byte	0
 679 0047 49       		.uleb128 0x49
 680 0048 13       		.uleb128 0x13
ARM GAS  C:\Users\VIDEOH~1\AppData\Local\Temp\cclR7sqz.s 			page 13


 681 0049 00       		.byte	0
 682 004a 00       		.byte	0
 683 004b 08       		.uleb128 0x8
 684 004c 34       		.uleb128 0x34
 685 004d 00       		.byte	0
 686 004e 03       		.uleb128 0x3
 687 004f 0E       		.uleb128 0xe
 688 0050 3A       		.uleb128 0x3a
 689 0051 0B       		.uleb128 0xb
 690 0052 3B       		.uleb128 0x3b
 691 0053 0B       		.uleb128 0xb
 692 0054 49       		.uleb128 0x49
 693 0055 13       		.uleb128 0x13
 694 0056 3F       		.uleb128 0x3f
 695 0057 19       		.uleb128 0x19
 696 0058 02       		.uleb128 0x2
 697 0059 18       		.uleb128 0x18
 698 005a 00       		.byte	0
 699 005b 00       		.byte	0
 700 005c 09       		.uleb128 0x9
 701 005d 21       		.uleb128 0x21
 702 005e 00       		.byte	0
 703 005f 49       		.uleb128 0x49
 704 0060 13       		.uleb128 0x13
 705 0061 2F       		.uleb128 0x2f
 706 0062 0B       		.uleb128 0xb
 707 0063 00       		.byte	0
 708 0064 00       		.byte	0
 709 0065 00       		.byte	0
 710              		.section	.debug_aranges,"",%progbits
 711 0000 14000000 		.4byte	0x14
 712 0004 0200     		.2byte	0x2
 713 0006 00000000 		.4byte	.Ldebug_info0
 714 000a 04       		.byte	0x4
 715 000b 00       		.byte	0
 716 000c 0000     		.2byte	0
 717 000e 0000     		.2byte	0
 718 0010 00000000 		.4byte	0
 719 0014 00000000 		.4byte	0
 720              		.section	.debug_line,"",%progbits
 721              	.Ldebug_line0:
 722 0000 3D010000 		.section	.debug_str,"MS",%progbits,1
 722      02003701 
 722      00000201 
 722      FB0E0D00 
 722      01010101 
 723              	.LASF9:
 724 0000 5F5F7569 		.ascii	"__uint8_t\000"
 724      6E74385F 
 724      7400
 725              	.LASF16:
 726 000a 63795F6D 		.ascii	"cy_metadata\000"
 726      65746164 
 726      61746100 
 727              	.LASF1:
 728 0016 756E7369 		.ascii	"unsigned char\000"
 728      676E6564 
ARM GAS  C:\Users\VIDEOH~1\AppData\Local\Temp\cclR7sqz.s 			page 14


 728      20636861 
 728      7200
 729              	.LASF17:
 730 0024 474E5520 		.ascii	"GNU C11 5.4.1 20160609 (release) [ARM/embedded-5-br"
 730      43313120 
 730      352E342E 
 730      31203230 
 730      31363036 
 731 0057 616E6368 		.ascii	"anch revision 237715] -mcpu=cortex-m3 -mthumb -g -O"
 731      20726576 
 731      6973696F 
 731      6E203233 
 731      37373135 
 732 008a 67202D66 		.ascii	"g -ffunction-sections -ffat-lto-objects\000"
 732      66756E63 
 732      74696F6E 
 732      2D736563 
 732      74696F6E 
 733              	.LASF5:
 734 00b2 6C6F6E67 		.ascii	"long unsigned int\000"
 734      20756E73 
 734      69676E65 
 734      6420696E 
 734      7400
 735              	.LASF3:
 736 00c4 73686F72 		.ascii	"short unsigned int\000"
 736      7420756E 
 736      7369676E 
 736      65642069 
 736      6E7400
 737              	.LASF13:
 738 00d7 63795F6D 		.ascii	"cy_meta_custnvl\000"
 738      6574615F 
 738      63757374 
 738      6E766C00 
 739              	.LASF12:
 740 00e7 63795F6D 		.ascii	"cy_meta_configecc\000"
 740      6574615F 
 740      636F6E66 
 740      69676563 
 740      6300
 741              	.LASF8:
 742 00f9 756E7369 		.ascii	"unsigned int\000"
 742      676E6564 
 742      20696E74 
 742      00
 743              	.LASF7:
 744 0106 6C6F6E67 		.ascii	"long long unsigned int\000"
 744      206C6F6E 
 744      6720756E 
 744      7369676E 
 744      65642069 
 745              	.LASF10:
 746 011d 75696E74 		.ascii	"uint8_t\000"
 746      385F7400 
 747              	.LASF19:
 748 0125 443A5C31 		.ascii	"D:\\1_work\\my_project\\ws2812\\psoc5lp\\ws2812.cyd"
ARM GAS  C:\Users\VIDEOH~1\AppData\Local\Temp\cclR7sqz.s 			page 15


 748      5F776F72 
 748      6B5C6D79 
 748      5F70726F 
 748      6A656374 
 749 0153 736E00   		.ascii	"sn\000"
 750              	.LASF15:
 751 0156 63795F6D 		.ascii	"cy_meta_flashprotect\000"
 751      6574615F 
 751      666C6173 
 751      6870726F 
 751      74656374 
 752              	.LASF14:
 753 016b 63795F6D 		.ascii	"cy_meta_wonvl\000"
 753      6574615F 
 753      776F6E76 
 753      6C00
 754              	.LASF11:
 755 0179 73697A65 		.ascii	"sizetype\000"
 755      74797065 
 755      00
 756              	.LASF6:
 757 0182 6C6F6E67 		.ascii	"long long int\000"
 757      206C6F6E 
 757      6720696E 
 757      7400
 758              	.LASF2:
 759 0190 73686F72 		.ascii	"short int\000"
 759      7420696E 
 759      7400
 760              	.LASF4:
 761 019a 6C6F6E67 		.ascii	"long int\000"
 761      20696E74 
 761      00
 762              	.LASF0:
 763 01a3 7369676E 		.ascii	"signed char\000"
 763      65642063 
 763      68617200 
 764              	.LASF18:
 765 01af 47656E65 		.ascii	"Generated_Source\\PSoC5\\cymetadata.c\000"
 765      72617465 
 765      645F536F 
 765      75726365 
 765      5C50536F 
 766              		.ident	"GCC: (GNU Tools for ARM Embedded Processors) 5.4.1 20160609 (release) [ARM/embedded-5-bran
